<?xml version="1.0" encoding="UTF-8"?>
<!-- Generated by org.testng.reporters.JUnitReportReporter -->
<testsuite skipped="0" hostname="DESKTOP-C5T3T2P" name="SanityTests.myFitnessPalWeb" tests="3" failures="0" timestamp="01 Sep 2020 11:43:39 GMT" time="46.663" errors="0">
  <testcase name="test03_deleteStrengthExercise" time="33.205" classname="SanityTests.myFitnessPalWeb"/>
  <testcase name="test02_addStrengthExercise" time="6.497" classname="SanityTests.myFitnessPalWeb"/>
  <testcase name="test01_login" time="6.961" classname="SanityTests.myFitnessPalWeb"/>
</testsuite> <!-- SanityTests.myFitnessPalWeb -->
