<?xml version="1.0" encoding="UTF-8"?>
<!-- Generated by org.testng.reporters.JUnitReportReporter -->
<testsuite skipped="0" hostname="DESKTOP-C5T3T2P" name="SanityTests.electronDemo" tests="1" failures="0" timestamp="01 Sep 2020 13:48:41 GMT" time="0.410" errors="0">
  <testcase name="test01_screenResolution" time="0.410" classname="SanityTests.electronDemo"/>
</testsuite> <!-- SanityTests.electronDemo -->
