<?xml version="1.0" encoding="UTF-8"?>
<!-- Generated by org.testng.reporters.JUnitReportReporter -->
<testsuite skipped="0" hostname="DESKTOP-C5T3T2P" name="SanityTests.myFitnessPalDB" tests="1" failures="0" timestamp="01 Sep 2020 13:48:09 GMT" time="5.957" errors="0">
  <testcase name="test01_loginDB" time="5.957" classname="SanityTests.myFitnessPalDB"/>
</testsuite> <!-- SanityTests.myFitnessPalDB -->
